<?xml version="1.0" encoding="UTF-8"?>
<!-- Generated by org.testng.reporters.JUnitXMLReporter -->
<testsuite ignored="0" hostname="DESKTOP-1CDRC1A" failures="0" tests="3" name="Default test" time="23.569" errors="0" timestamp="2026-01-14T15:39:22 IST">
  <testcase classname="tests.LoginTest" name="testValidLogin" time="0.667"/>
  <testcase classname="tests.LoginTest" name="testValidLogin" time="0.599"/>
  <testcase classname="tests.LoginTest" name="testValidLogin" time="1.833"/>
</testsuite> <!-- Default test -->
