<?xml version="1.0" encoding="UTF-8"?>
<!-- Generated by org.testng.reporters.JUnitXMLReporter -->
<testsuite ignored="0" hostname="DESKTOP-1CDRC1A" failures="0" tests="3" name="Default test" time="16.327" errors="0" timestamp="2026-01-14T16:23:06 IST">
  <testcase classname="tests.LoginTest" name="testValidLogin" time="0.352"/>
  <testcase classname="tests.LoginTest" name="testValidLogin" time="0.386"/>
  <testcase classname="tests.LoginTest" name="testValidLogin" time="0.353"/>
</testsuite> <!-- Default test -->
