<?xml version="1.0" encoding="UTF-8"?>
<testng-results ignored="0" total="3" passed="3" failed="0" skipped="0">
  <reporter-output>
  </reporter-output>
  <suite started-at="2026-01-19T13:07:25 IST" name="Default suite" finished-at="2026-01-19T13:07:45 IST" duration-ms="19869">
    <groups>
    </groups>
    <test started-at="2026-01-19T13:07:25 IST" name="Default test" finished-at="2026-01-19T13:07:45 IST" duration-ms="19869">
      <class name="tests.LoginTest">
        <test-method is-config="true" signature="setUPReport()[pri:0, instance:tests.LoginTest@7c24b813]" started-at="2026-01-19T13:07:24 IST" name="setUPReport" finished-at="2026-01-19T13:07:25 IST" duration-ms="540" status="PASS">
          <reporter-output>
          </reporter-output>
        </test-method> <!-- setUPReport -->
        <test-method is-config="true" signature="setUp()[pri:0, instance:tests.LoginTest@7c24b813]" started-at="2026-01-19T13:07:25 IST" name="setUp" finished-at="2026-01-19T13:07:34 IST" duration-ms="9489" status="PASS">
          <reporter-output>
          </reporter-output>
        </test-method> <!-- setUp -->
        <test-method signature="testValidLogin(java.lang.String,java.lang.String)[pri:0, instance:tests.LoginTest@7c24b813]" started-at="2026-01-19T13:07:34 IST" name="testValidLogin" data-provider="LoginData2" finished-at="2026-01-19T13:07:35 IST" duration-ms="526" status="PASS">
          <params>
            <param index="0">
              <value>
                <![CDATA[user1]]>
              </value>
            </param>
            <param index="1">
              <value>
                <![CDATA[pass1]]>
              </value>
            </param>
          </params>
          <reporter-output>
          </reporter-output>
        </test-method> <!-- testValidLogin -->
        <test-method is-config="true" signature="tearDown(org.testng.ITestResult)[pri:0, instance:tests.LoginTest@7c24b813]" started-at="2026-01-19T13:07:35 IST" name="tearDown" finished-at="2026-01-19T13:07:35 IST" duration-ms="402" status="PASS">
          <params>
            <param index="0">
              <value>
                <![CDATA[[TestResult name=testValidLogin status=SUCCESS method=LoginTest.testValidLogin(java.lang.String,java.lang.String)[pri:0, instance:tests.LoginTest@7c24b813] output={null}]]]>
              </value>
            </param>
          </params>
          <reporter-output>
          </reporter-output>
        </test-method> <!-- tearDown -->
        <test-method is-config="true" signature="setUp()[pri:0, instance:tests.LoginTest@7c24b813]" started-at="2026-01-19T13:07:35 IST" name="setUp" finished-at="2026-01-19T13:07:39 IST" duration-ms="3993" status="PASS">
          <reporter-output>
          </reporter-output>
        </test-method> <!-- setUp -->
        <test-method signature="testValidLogin(java.lang.String,java.lang.String)[pri:0, instance:tests.LoginTest@7c24b813]" started-at="2026-01-19T13:07:39 IST" name="testValidLogin" data-provider="LoginData2" finished-at="2026-01-19T13:07:40 IST" duration-ms="465" status="PASS">
          <params>
            <param index="0">
              <value>
                <![CDATA[user2]]>
              </value>
            </param>
            <param index="1">
              <value>
                <![CDATA[pass2]]>
              </value>
            </param>
          </params>
          <reporter-output>
          </reporter-output>
        </test-method> <!-- testValidLogin -->
        <test-method is-config="true" signature="tearDown(org.testng.ITestResult)[pri:0, instance:tests.LoginTest@7c24b813]" started-at="2026-01-19T13:07:40 IST" name="tearDown" finished-at="2026-01-19T13:07:40 IST" duration-ms="444" status="PASS">
          <params>
            <param index="0">
              <value>
                <![CDATA[[TestResult name=testValidLogin status=SUCCESS method=LoginTest.testValidLogin(java.lang.String,java.lang.String)[pri:0, instance:tests.LoginTest@7c24b813] output={null}]]]>
              </value>
            </param>
          </params>
          <reporter-output>
          </reporter-output>
        </test-method> <!-- tearDown -->
        <test-method is-config="true" signature="setUp()[pri:0, instance:tests.LoginTest@7c24b813]" started-at="2026-01-19T13:07:40 IST" name="setUp" finished-at="2026-01-19T13:07:44 IST" duration-ms="3500" status="PASS">
          <reporter-output>
          </reporter-output>
        </test-method> <!-- setUp -->
        <test-method signature="testValidLogin(java.lang.String,java.lang.String)[pri:0, instance:tests.LoginTest@7c24b813]" started-at="2026-01-19T13:07:44 IST" name="testValidLogin" data-provider="LoginData2" finished-at="2026-01-19T13:07:44 IST" duration-ms="462" status="PASS">
          <params>
            <param index="0">
              <value>
                <![CDATA[user3]]>
              </value>
            </param>
            <param index="1">
              <value>
                <![CDATA[pass3]]>
              </value>
            </param>
          </params>
          <reporter-output>
          </reporter-output>
        </test-method> <!-- testValidLogin -->
        <test-method is-config="true" signature="tearDown(org.testng.ITestResult)[pri:0, instance:tests.LoginTest@7c24b813]" started-at="2026-01-19T13:07:44 IST" name="tearDown" finished-at="2026-01-19T13:07:45 IST" duration-ms="493" status="PASS">
          <params>
            <param index="0">
              <value>
                <![CDATA[[TestResult name=testValidLogin status=SUCCESS method=LoginTest.testValidLogin(java.lang.String,java.lang.String)[pri:0, instance:tests.LoginTest@7c24b813] output={null}]]]>
              </value>
            </param>
          </params>
          <reporter-output>
          </reporter-output>
        </test-method> <!-- tearDown -->
        <test-method is-config="true" signature="tearDownReport()[pri:0, instance:tests.LoginTest@7c24b813]" started-at="2026-01-19T13:07:45 IST" name="tearDownReport" finished-at="2026-01-19T13:07:51 IST" duration-ms="5811" status="PASS">
          <reporter-output>
          </reporter-output>
        </test-method> <!-- tearDownReport -->
      </class> <!-- tests.LoginTest -->
    </test> <!-- Default test -->
  </suite> <!-- Default suite -->
</testng-results>
