<?xml version="1.0" encoding="UTF-8"?>
<!-- Generated by org.testng.reporters.JUnitReportReporter -->
<testsuite hostname="DESKTOP-1CDRC1A" failures="0" tests="3" name="tests.LoginTest" time="15.512" errors="0" timestamp="2026-01-14T16:45:02 IST" skipped="0">
  <testcase classname="tests.LoginTest" name="testValidLogin" time="6.686"/>
  <testcase classname="tests.LoginTest" name="testValidLogin" time="3.908"/>
  <testcase classname="tests.LoginTest" name="testValidLogin" time="4.918"/>
</testsuite> <!-- tests.LoginTest -->
