<?xml version="1.0" encoding="UTF-8"?>
<!-- Generated by org.testng.reporters.JUnitReportReporter -->
<testsuite hostname="DESKTOP-1CDRC1A" failures="0" tests="3" name="tests.LoginTest" time="20.247" errors="0" timestamp="2026-01-14T15:39:23 IST" skipped="0">
  <testcase classname="tests.LoginTest" name="testValidLogin" time="5.656"/>
  <testcase classname="tests.LoginTest" name="testValidLogin" time="9.120"/>
  <testcase classname="tests.LoginTest" name="testValidLogin" time="5.471"/>
</testsuite> <!-- tests.LoginTest -->
