<?xml version="1.0" encoding="UTF-8"?>
<!-- Generated by org.testng.reporters.JUnitXMLReporter -->
<testsuite ignored="0" hostname="DESKTOP-1CDRC1A" failures="0" tests="3" name="LoginTest" time="15.562" errors="0" timestamp="2026-01-14T16:45:01 IST">
  <testcase classname="tests.LoginTest" name="testValidLogin" time="0.411"/>
  <testcase classname="tests.LoginTest" name="testValidLogin" time="0.548"/>
  <testcase classname="tests.LoginTest" name="testValidLogin" time="0.44"/>
</testsuite> <!-- LoginTest -->
